<?xml version="1.0" encoding="UTF-8"?>
<!-- Generated by org.testng.reporters.JUnitReportReporter -->
<testsuite hostname="THOTARAVITEJA" failures="0" tests="1" name="com.change2naturalfoods.userverification.UserVerification" time="6.139" errors="0" timestamp="2024-01-13T21:32:55 IST" skipped="0">
  <testcase classname="com.change2naturalfoods.userverification.UserVerification" name="verifyError" time="6.139"/>
</testsuite> <!-- com.change2naturalfoods.userverification.UserVerification -->
