<?xml version="1.0" encoding="UTF-8"?>
<!-- Generated by org.testng.reporters.JUnitReportReporter -->
<testsuite hostname="THOTARAVITEJA" failures="0" tests="1" name="com.change2naturalfoods.userverification.UserVerification" time="3.736" errors="0" timestamp="2023-12-14T20:08:56 IST" skipped="0">
  <testcase classname="com.change2naturalfoods.userverification.UserVerification" name="verifyError" time="3.736"/>
</testsuite> <!-- com.change2naturalfoods.userverification.UserVerification -->
