<?xml version="1.0" encoding="UTF-8"?>
<!-- Generated by org.testng.reporters.JUnitReportReporter -->
<<<<<<< HEAD
<testsuite hostname="THOTARAVITEJA" failures="0" tests="1" name="com.change2naturalfoods.userverification.UserVerification" time="6.492" errors="0" timestamp="2024-01-12T15:09:13 IST" skipped="0">
  <testcase classname="com.change2naturalfoods.userverification.UserVerification" name="verifyError" time="6.492"/>
=======
<testsuite hostname="THOTARAVITEJA" failures="0" tests="1" name="com.change2naturalfoods.userverification.UserVerification" time="7.215" errors="0" timestamp="2023-12-16T23:07:25 IST" skipped="0">
  <testcase classname="com.change2naturalfoods.userverification.UserVerification" name="verifyError" time="7.215"/>
>>>>>>> 446e72e4662a23eacdeeb4acb1bbe695d8c2ed07
</testsuite> <!-- com.change2naturalfoods.userverification.UserVerification -->
