<?xml version="1.0" encoding="UTF-8"?>
<!-- Generated by org.testng.reporters.JUnitReportReporter -->
<testsuite hostname="THOTARAVITEJA" failures="0" tests="1" name="com.change2naturalfoods.userverification.UserVerification" time="3.902" errors="0" timestamp="2023-12-14T22:59:05 IST" skipped="0">
  <testcase classname="com.change2naturalfoods.userverification.UserVerification" name="verifyError" time="3.902"/>
  <system-out/>
</testsuite> <!-- com.change2naturalfoods.userverification.UserVerification -->
